<?xml version="1.0" encoding="UTF-8"?>
<!-- Generated by org.testng.reporters.JUnitReportReporter -->
<testsuite hostname="DESKTOP-8CBT80G" failures="0" tests="6" name="com.demoapp.qa.testcases.LoginTest" time="62.901" errors="0" timestamp="2023-12-11T13:50:40 IST" skipped="0">
  <testcase classname="com.demoapp.qa.testcases.LoginTest" name="loginWithValidCredentials" time="9.944"/>
  <testcase classname="com.demoapp.qa.testcases.LoginTest" name="loginWithValidCredentials" time="11.383"/>
  <testcase classname="com.demoapp.qa.testcases.LoginTest" name="loginWithInvalidCredentials" time="11.155"/>
  <testcase classname="com.demoapp.qa.testcases.LoginTest" name="loginWithInvalidEmailAndValidPass" time="10.125"/>
  <testcase classname="com.demoapp.qa.testcases.LoginTest" name="loginWithValidEmailAndInvalidPass" time="10.648"/>
  <testcase classname="com.demoapp.qa.testcases.LoginTest" name="loginWithoutCredentials" time="9.646"/>
</testsuite> <!-- com.demoapp.qa.testcases.LoginTest -->
