<?xml version="1.0" encoding="UTF-8"?>
<!-- Generated by org.testng.reporters.JUnitReportReporter -->
<testsuite hostname="DESKTOP-8CBT80G" failures="0" tests="4" name="com.demoapp.qa.testcases.Register" time="38.232" errors="0" timestamp="2023-12-10T19:33:38 IST" skipped="0">
  <testcase classname="com.demoapp.qa.testcases.Register" name="registerAccountWithMandatoryFields" time="9.580"/>
  <testcase classname="com.demoapp.qa.testcases.Register" name="registerAccountWithAllFields" time="9.383"/>
  <testcase classname="com.demoapp.qa.testcases.Register" name="registerAccountWithExistingEmail" time="11.207"/>
  <testcase classname="com.demoapp.qa.testcases.Register" name="registerAccountWithoutFillingAnyFields" time="8.062"/>
</testsuite> <!-- com.demoapp.qa.testcases.Register -->
