<?xml version="1.0" encoding="UTF-8"?>
<!-- Generated by org.testng.reporters.JUnitReportReporter -->
<testsuite hostname="DESKTOP-8CBT80G" failures="0" tests="4" name="com.demoapp.qa.testcases.RegisterTest" time="50.566" errors="0" timestamp="2023-12-11T13:50:40 IST" skipped="0">
  <testcase classname="com.demoapp.qa.testcases.RegisterTest" name="registerAccountWithMandatoryFields" time="12.744"/>
  <testcase classname="com.demoapp.qa.testcases.RegisterTest" name="registerAccountWithAllFields" time="11.607"/>
  <testcase classname="com.demoapp.qa.testcases.RegisterTest" name="registerAccountWithExistingEmail" time="14.920"/>
  <testcase classname="com.demoapp.qa.testcases.RegisterTest" name="registerAccountWithoutFillingAnyFields" time="11.295"/>
</testsuite> <!-- com.demoapp.qa.testcases.RegisterTest -->
