<?xml version="1.0" encoding="UTF-8"?>
<!-- Generated by org.testng.reporters.JUnitReportReporter -->
<testsuite hostname="DESKTOP-8CBT80G" failures="0" tests="6" name="com.demoapp.qa.testcases.Login" time="47.281" errors="0" timestamp="2023-12-10T19:33:38 IST" skipped="0">
  <testcase classname="com.demoapp.qa.testcases.Login" name="loginWithValidCredentials" time="8.186"/>
  <testcase classname="com.demoapp.qa.testcases.Login" name="loginWithValidCredentials" time="8.038"/>
  <testcase classname="com.demoapp.qa.testcases.Login" name="loginWithInvalidCredentials" time="7.549"/>
  <testcase classname="com.demoapp.qa.testcases.Login" name="loginWithInvalidEmailAndValidPass" time="7.528"/>
  <testcase classname="com.demoapp.qa.testcases.Login" name="loginWithValidEmailAndInvalidPass" time="7.707"/>
  <testcase classname="com.demoapp.qa.testcases.Login" name="loginWithoutCredentials" time="8.273"/>
</testsuite> <!-- com.demoapp.qa.testcases.Login -->
