<?xml version="1.0" encoding="UTF-8"?>
<!-- Generated by org.testng.reporters.JUnitReportReporter -->
<testsuite hostname="DESKTOP-8CBT80G" failures="0" tests="4" name="com.demoapp.qa.testcases.RegisterTest" time="45.300" errors="0" timestamp="2023-12-11T16:01:44 IST" skipped="0">
  <testcase classname="com.demoapp.qa.testcases.RegisterTest" name="registerAccountWithMandatoryFields" time="10.560"/>
  <testcase classname="com.demoapp.qa.testcases.RegisterTest" name="registerAccountWithAllFields" time="12.331"/>
  <testcase classname="com.demoapp.qa.testcases.RegisterTest" name="registerAccountWithExistingEmail" time="10.947"/>
  <testcase classname="com.demoapp.qa.testcases.RegisterTest" name="registerAccountWithoutFillingAnyFields" time="11.462"/>
</testsuite> <!-- com.demoapp.qa.testcases.RegisterTest -->
